\BOOKMARK [0][-]{chapter.1}{\376\377\000I\000n\000t\000r\000o\000d\000u\000c\000t\000i\000o\000n}{}% 1
\BOOKMARK [1][-]{section.1.1}{\376\377\000U\000n\000d\000e\000f\000i\000n\000e\000d\000\040\000T\000e\000r\000m\000s}{chapter.1}% 2
\BOOKMARK [1][-]{section.1.2}{\376\377\000S\000u\000b\000s\000e\000t\000s}{chapter.1}% 3
\BOOKMARK [1][-]{section.1.3}{\376\377\000I\000n\000t\000r\000o\000d\000u\000c\000t\000i\000o\000n\000\040\000t\000o\000\040\000C\000o\000n\000t\000r\000a\000p\000o\000s\000i\000t\000i\000o\000n}{chapter.1}% 4
\BOOKMARK [1][-]{section.1.4}{\376\377\000I\000m\000p\000l\000i\000c\000a\000t\000i\000o\000n\000\040\000a\000n\000d\000\040\000E\000q\000u\000a\000l\000i\000t\000y}{chapter.1}% 5
\BOOKMARK [0][-]{chapter.2}{\376\377\000S\000p\000e\000c\000i\000f\000i\000c\000a\000t\000i\000o\000n}{}% 6
\BOOKMARK [1][-]{section.2.1}{\376\377\000I\000n\000t\000r\000o\000d\000u\000c\000t\000i\000o\000n}{chapter.2}% 7
\BOOKMARK [1][-]{section.2.2}{\376\377\000E\000x\000i\000s\000t\000e\000n\000c\000e}{chapter.2}% 8
\BOOKMARK [0][-]{chapter.3}{\376\377\000U\000n\000i\000o\000n}{}% 9
\BOOKMARK [1][-]{section.3.1}{\376\377\000I\000n\000t\000r\000o\000d\000u\000c\000t\000i\000o\000n}{chapter.3}% 10
\BOOKMARK [1][-]{section.3.2}{\376\377\000P\000r\000o\000p\000e\000r\000t\000i\000e\000s\000\040\000o\000f\000\040\000U\000n\000i\000o\000n\000s}{chapter.3}% 11
\BOOKMARK [0][-]{chapter.4}{\376\377\000I\000n\000t\000e\000r\000s\000e\000c\000t\000i\000o\000n}{}% 12
\BOOKMARK [1][-]{section.4.1}{\376\377\000I\000n\000t\000r\000o\000d\000u\000c\000t\000i\000o\000n}{chapter.4}% 13
\BOOKMARK [1][-]{section.4.2}{\376\377\000P\000r\000o\000p\000e\000r\000t\000i\000e\000s\000\040\000o\000f\000\040\000I\000n\000t\000e\000r\000s\000e\000c\000t\000i\000o\000n\000s}{chapter.4}% 14
\BOOKMARK [0][-]{chapter.5}{\376\377\000D\000i\000f\000f\000e\000r\000e\000n\000c\000e\000\040\000\046\000\040\000U\000n\000i\000v\000e\000r\000s\000a\000l\000i\000t\000y}{}% 15
\BOOKMARK [0][-]{chapter.6}{\376\377\000P\000o\000w\000e\000r\000\040\000S\000e\000t}{}% 16
\BOOKMARK [1][-]{section.6.1}{\376\377\000I\000n\000t\000r\000o\000d\000u\000c\000t\000i\000o\000n\000\040\000t\000o\000\040\000t\000h\000e\000\040\000P\000o\000w\000e\000r\000\040\000S\000e\000t}{chapter.6}% 17
\BOOKMARK [0][-]{chapter.7}{\376\377\000E\000q\000u\000i\000v\000a\000l\000e\000n\000c\000y}{}% 18
\BOOKMARK [1][-]{section.7.1}{\376\377\000P\000r\000o\000b\000l\000e\000m}{chapter.7}% 19
\BOOKMARK [1][-]{section.7.2}{\376\377\000P\000r\000o\000b\000l\000e\000m\000s}{chapter.7}% 20
\BOOKMARK [0][-]{chapter.8}{\376\377\000F\000u\000n\000c\000t\000i\000o\000n\000s\000\040\000\046\000\040\000B\000i\000j\000e\000c\000t\000i\000o\000n\000s}{}% 21
\BOOKMARK [1][-]{section.8.1}{\376\377\000P\000r\000o\000b\000l\000e\000m\000s}{chapter.8}% 22
\BOOKMARK [1][-]{section.8.2}{\376\377\000P\000r\000o\000b\000l\000e\000m\000s}{chapter.8}% 23
\BOOKMARK [1][-]{section.8.3}{\376\377\000P\000r\000o\000b\000l\000e\000m\000s}{chapter.8}% 24
\BOOKMARK [1][-]{section.8.4}{\376\377\000P\000r\000o\000b\000l\000e\000m\000s}{chapter.8}% 25
\BOOKMARK [1][-]{section.8.5}{\376\377\000P\000r\000o\000b\000l\000e\000m}{chapter.8}% 26
\BOOKMARK [0][-]{chapter.9}{\376\377\000R\000e\000c\000u\000r\000s\000i\000o\000n\000\040\000\046\000\040\000T\000h\000e\000\040\000W\000h\000o\000l\000e\000\040\000N\000u\000m\000b\000e\000r\000s}{}% 27
\BOOKMARK [1][-]{section.9.1}{\376\377\000P\000e\000a\000n\000o\000'\000s\000\040\000A\000x\000i\000o\000m\000s}{chapter.9}% 28
\BOOKMARK [1][-]{section.9.2}{\376\377\000P\000r\000o\000b\000l\000e\000m\000s}{chapter.9}% 29
\BOOKMARK [1][-]{section.9.3}{\376\377\000M\000u\000l\000t\000i\000p\000l\000i\000c\000a\000t\000i\000o\000n}{chapter.9}% 30
\BOOKMARK [1][-]{section.9.4}{\376\377\000P\000r\000o\000b\000l\000e\000m}{chapter.9}% 31
\BOOKMARK [1][-]{section.9.5}{\376\377\000P\000r\000o\000b\000l\000e\000m}{chapter.9}% 32
\BOOKMARK [0][-]{chapter.10}{\376\377\000T\000h\000e\000\040\000I\000n\000t\000e\000g\000e\000r\000s}{}% 33
\BOOKMARK [1][-]{section.10.1}{\376\377\000P\000r\000o\000b\000l\000e\000m\000s}{chapter.10}% 34
\BOOKMARK [0][-]{chapter.11}{\376\377\000C\000a\000r\000d\000i\000n\000a\000l\000i\000t\000y}{}% 35
\BOOKMARK [1][-]{section.11.1}{\376\377\000P\000r\000o\000b\000l\000e\000m\000s}{chapter.11}% 36
\BOOKMARK [1][-]{section.11.2}{\376\377\000P\000r\000o\000b\000l\000e\000m}{chapter.11}% 37
\BOOKMARK [1][-]{section.11.3}{\376\377\000P\000r\000o\000b\000l\000e\000m}{chapter.11}% 38
\BOOKMARK [1][-]{section.11.4}{\376\377\000P\000r\000o\000b\000l\000e\000m\000s}{chapter.11}% 39
