This is pdfTeX, Version 3.141592653-2.6-1.40.25 (TeX Live 2023) (preloaded format=pdflatex 2024.2.18)  22 OCT 2024 12:24
entering extended mode
 restricted \write18 enabled.
 file:line:error style messages enabled.
 %&-line parsing enabled.
**c:/Users/paulb/VSTeX/Math/Mathematical_Cryptography/crypt_main.tex
(c:/Users/paulb/VSTeX/Math/Mathematical_Cryptography/crypt_main.tex
LaTeX2e <2023-11-01> patch level 1
L3 programming layer <2024-02-13>
(c:/texlive/2023/texmf-dist/tex/latex/base/book.cls
Document Class: book 2023/05/17 v1.4n Standard LaTeX document class
(c:/texlive/2023/texmf-dist/tex/latex/base/bk12.clo
File: bk12.clo 2023/05/17 v1.4n Standard LaTeX file (size option)
)
\c@part=\count188
\c@chapter=\count189
\c@section=\count190
\c@subsection=\count191
\c@subsubsection=\count192
\c@paragraph=\count193
\c@subparagraph=\count194
\c@figure=\count195
\c@table=\count196
\abovecaptionskip=\skip48
\belowcaptionskip=\skip49
\bibindent=\dimen140
) (c:/texlive/2023/texmf-dist/tex/latex/bold-extra/bold-extra.sty
Package: bold-extra 2001/11/13 v0.1 Use fonts from cm/mf-extra/bold
) (c:/texlive/2023/texmf-dist/tex/latex/geometry/geometry.sty
Package: geometry 2020/01/02 v5.9 Page Geometry
 (c:/texlive/2023/texmf-dist/tex/latex/graphics/keyval.sty
Package: keyval 2022/05/29 v1.15 key=value parser (DPC)
\KV@toks@=\toks17
) (c:/texlive/2023/texmf-dist/tex/generic/iftex/ifvtex.sty
Package: ifvtex 2019/10/25 v1.7 ifvtex legacy package. Use iftex instead.
 (c:/texlive/2023/texmf-dist/tex/generic/iftex/iftex.sty
Package: iftex 2022/02/03 v1.0f TeX engine tests
))
\Gm@cnth=\count197
\Gm@cntv=\count198
\c@Gm@tempcnt=\count199
\Gm@bindingoffset=\dimen141
\Gm@wd@mp=\dimen142
\Gm@odd@mp=\dimen143
\Gm@even@mp=\dimen144
\Gm@layoutwidth=\dimen145
\Gm@layoutheight=\dimen146
\Gm@layouthoffset=\dimen147
\Gm@layoutvoffset=\dimen148
\Gm@dimlist=\toks18
) (c:/texlive/2023/texmf-dist/tex/latex/setspace/setspace.sty
Package: setspace 2022/12/04 v6.7b set line spacing
) (c:/texlive/2023/texmf-dist/tex/latex/xcolor/xcolor.sty
Package: xcolor 2023/11/15 v3.01 LaTeX color extensions (UK)
 (c:/texlive/2023/texmf-dist/tex/latex/graphics-cfg/color.cfg
File: color.cfg 2016/01/02 v1.6 sample color configuration
)
Package xcolor Info: Driver file: pdftex.def on input line 274.
 (c:/texlive/2023/texmf-dist/tex/latex/graphics-def/pdftex.def
File: pdftex.def 2022/09/22 v1.2b Graphics/color driver for pdftex
) (c:/texlive/2023/texmf-dist/tex/latex/graphics/mathcolor.ltx)
Package xcolor Info: Model `cmy' substituted by `cmy0' on input line 1350.
Package xcolor Info: Model `hsb' substituted by `rgb' on input line 1354.
Package xcolor Info: Model `RGB' extended on input line 1366.
Package xcolor Info: Model `HTML' substituted by `rgb' on input line 1368.
Package xcolor Info: Model `Hsb' substituted by `hsb' on input line 1369.
Package xcolor Info: Model `tHsb' substituted by `hsb' on input line 1370.
Package xcolor Info: Model `HSB' substituted by `hsb' on input line 1371.
Package xcolor Info: Model `Gray' substituted by `gray' on input line 1372.
Package xcolor Info: Model `wave' substituted by `hsb' on input line 1373.
) (c:/texlive/2023/texmf-dist/tex/latex/fncychap/fncychap.sty
Package: fncychap 2007/07/30 v1.34 LaTeX package (Revised chapters)
\RW=\skip50
\mylen=\skip51
\myhi=\skip52
\px=\skip53
\py=\skip54
\pyy=\skip55
\pxx=\skip56
\backskip=\skip57
) (c:/texlive/2023/texmf-dist/tex/latex/xpatch/xpatch.sty (c:/texlive/2023/texmf-dist/tex/latex/l3kernel/expl3.sty
Package: expl3 2024-02-13 L3 programming layer (loader) 
 (c:/texlive/2023/texmf-dist/tex/latex/l3backend/l3backend-pdftex.def
File: l3backend-pdftex.def 2024-01-04 L3 backend support: PDF output (pdfTeX)
\l__color_backend_stack_int=\count266
\l__pdf_internal_box=\box51
))
Package: xpatch 2020/03/25 v0.3a Extending etoolbox patching commands
 (c:/texlive/2023/texmf-dist/tex/latex/l3packages/xparse/xparse.sty
Package: xparse 2024-02-13 L3 Experimental document command parser
) (c:/texlive/2023/texmf-dist/tex/latex/etoolbox/etoolbox.sty
Package: etoolbox 2020/10/05 v2.5k e-TeX tools for LaTeX (JAW)
\etb@tempcnta=\count267
)) (c:/texlive/2023/texmf-dist/tex/latex/graphics/graphicx.sty
Package: graphicx 2021/09/16 v1.2d Enhanced LaTeX Graphics (DPC,SPQR)
 (c:/texlive/2023/texmf-dist/tex/latex/graphics/graphics.sty
Package: graphics 2022/03/10 v1.4e Standard LaTeX Graphics (DPC,SPQR)
 (c:/texlive/2023/texmf-dist/tex/latex/graphics/trig.sty
Package: trig 2021/08/11 v1.11 sin cos tan (DPC)
) (c:/texlive/2023/texmf-dist/tex/latex/graphics-cfg/graphics.cfg
File: graphics.cfg 2016/06/04 v1.11 sample graphics configuration
)
Package graphics Info: Driver file: pdftex.def on input line 107.
)
\Gin@req@height=\dimen149
\Gin@req@width=\dimen150
) (c:/texlive/2023/texmf-dist/tex/latex/float/float.sty
Package: float 2001/11/08 v1.3d Float enhancements (AL)
\c@float@type=\count268
\float@exts=\toks19
\float@box=\box52
\@float@everytoks=\toks20
\@floatcapt=\box53
) (c:/texlive/2023/texmf-dist/tex/latex/caption/caption.sty
Package: caption 2023/08/05 v3.6o Customizing captions (AR)
 (c:/texlive/2023/texmf-dist/tex/latex/caption/caption3.sty
Package: caption3 2023/07/31 v2.4d caption3 kernel (AR)
\caption@tempdima=\dimen151
\captionmargin=\dimen152
\caption@leftmargin=\dimen153
\caption@rightmargin=\dimen154
\caption@width=\dimen155
\caption@indent=\dimen156
\caption@parindent=\dimen157
\caption@hangindent=\dimen158
Package caption Info: Standard document class detected.
)
\c@caption@flags=\count269
\c@continuedfloat=\count270
Package caption Info: float package is loaded.
) (c:/texlive/2023/texmf-dist/tex/latex/hyperref/hyperref.sty
Package: hyperref 2024-01-20 v7.01h Hypertext links for LaTeX
 (c:/texlive/2023/texmf-dist/tex/latex/kvsetkeys/kvsetkeys.sty
Package: kvsetkeys 2022-10-05 v1.19 Key value parser (HO)
) (c:/texlive/2023/texmf-dist/tex/generic/kvdefinekeys/kvdefinekeys.sty
Package: kvdefinekeys 2019-12-19 v1.6 Define keys (HO)
) (c:/texlive/2023/texmf-dist/tex/generic/pdfescape/pdfescape.sty
Package: pdfescape 2019/12/09 v1.15 Implements pdfTeX's escape features (HO)
 (c:/texlive/2023/texmf-dist/tex/generic/ltxcmds/ltxcmds.sty
Package: ltxcmds 2023-12-04 v1.26 LaTeX kernel commands for general use (HO)
) (c:/texlive/2023/texmf-dist/tex/generic/pdftexcmds/pdftexcmds.sty
Package: pdftexcmds 2020-06-27 v0.33 Utility functions of pdfTeX for LuaTeX (HO)
 (c:/texlive/2023/texmf-dist/tex/generic/infwarerr/infwarerr.sty
Package: infwarerr 2019/12/03 v1.5 Providing info/warning/error messages (HO)
)
Package pdftexcmds Info: \pdf@primitive is available.
Package pdftexcmds Info: \pdf@ifprimitive is available.
Package pdftexcmds Info: \pdfdraftmode found.
)) (c:/texlive/2023/texmf-dist/tex/latex/hycolor/hycolor.sty
Package: hycolor 2020-01-27 v1.10 Color options for hyperref/bookmark (HO)
) (c:/texlive/2023/texmf-dist/tex/latex/auxhook/auxhook.sty
Package: auxhook 2019-12-17 v1.6 Hooks for auxiliary files (HO)
) (c:/texlive/2023/texmf-dist/tex/latex/hyperref/nameref.sty
Package: nameref 2023-11-26 v2.56 Cross-referencing by name of section
 (c:/texlive/2023/texmf-dist/tex/latex/refcount/refcount.sty
Package: refcount 2019/12/15 v3.6 Data extraction from label references (HO)
) (c:/texlive/2023/texmf-dist/tex/generic/gettitlestring/gettitlestring.sty
Package: gettitlestring 2019/12/15 v1.6 Cleanup title references (HO)
 (c:/texlive/2023/texmf-dist/tex/latex/kvoptions/kvoptions.sty
Package: kvoptions 2022-06-15 v3.15 Key value format for package options (HO)
))
\c@section@level=\count271
)
\@linkdim=\dimen159
\Hy@linkcounter=\count272
\Hy@pagecounter=\count273
 (c:/texlive/2023/texmf-dist/tex/latex/hyperref/pd1enc.def
File: pd1enc.def 2024-01-20 v7.01h Hyperref: PDFDocEncoding definition (HO)
Now handling font encoding PD1 ...
... no UTF-8 mapping file for font encoding PD1
) (c:/texlive/2023/texmf-dist/tex/generic/intcalc/intcalc.sty
Package: intcalc 2019/12/15 v1.3 Expandable calculations with integers (HO)
)
\Hy@SavedSpaceFactor=\count274
 (c:/texlive/2023/texmf-dist/tex/latex/hyperref/puenc.def
File: puenc.def 2024-01-20 v7.01h Hyperref: PDF Unicode definition (HO)
Now handling font encoding PU ...
... no UTF-8 mapping file for font encoding PU
)
Package hyperref Info: Hyper figures OFF on input line 4179.
Package hyperref Info: Link nesting OFF on input line 4184.
Package hyperref Info: Hyper index ON on input line 4187.
Package hyperref Info: Plain pages OFF on input line 4194.
Package hyperref Info: Backreferencing OFF on input line 4199.
Package hyperref Info: Implicit mode ON; LaTeX internals redefined.
Package hyperref Info: Bookmarks ON on input line 4446.
\c@Hy@tempcnt=\count275
 (c:/texlive/2023/texmf-dist/tex/latex/url/url.sty
\Urlmuskip=\muskip16
Package: url 2013/09/16  ver 3.4  Verb mode for urls, etc.
)
LaTeX Info: Redefining \url on input line 4784.
\XeTeXLinkMargin=\dimen160
 (c:/texlive/2023/texmf-dist/tex/generic/bitset/bitset.sty
Package: bitset 2019/12/09 v1.3 Handle bit-vector datatype (HO)
 (c:/texlive/2023/texmf-dist/tex/generic/bigintcalc/bigintcalc.sty
Package: bigintcalc 2019/12/15 v1.5 Expandable calculations on big integers (HO)
))
\Fld@menulength=\count276
\Field@Width=\dimen161
\Fld@charsize=\dimen162
Package hyperref Info: Hyper figures OFF on input line 6063.
Package hyperref Info: Link nesting OFF on input line 6068.
Package hyperref Info: Hyper index ON on input line 6071.
Package hyperref Info: backreferencing OFF on input line 6078.
Package hyperref Info: Link coloring OFF on input line 6083.
Package hyperref Info: Link coloring with OCG OFF on input line 6088.
Package hyperref Info: PDF/A mode OFF on input line 6093.
 (c:/texlive/2023/texmf-dist/tex/latex/base/atbegshi-ltx.sty
Package: atbegshi-ltx 2021/01/10 v1.0c Emulation of the original atbegshi
package with kernel methods
)
\Hy@abspage=\count277
\c@Item=\count278
\c@Hfootnote=\count279
)
Package hyperref Info: Driver (autodetected): hpdftex.
 (c:/texlive/2023/texmf-dist/tex/latex/hyperref/hpdftex.def
File: hpdftex.def 2024-01-20 v7.01h Hyperref driver for pdfTeX
 (c:/texlive/2023/texmf-dist/tex/latex/base/atveryend-ltx.sty
Package: atveryend-ltx 2020/08/19 v1.0a Emulation of the original atveryend package
with kernel methods
)
\Fld@listcount=\count280
\c@bookmark@seq@number=\count281
 (c:/texlive/2023/texmf-dist/tex/latex/rerunfilecheck/rerunfilecheck.sty
Package: rerunfilecheck 2022-07-10 v1.10 Rerun checks for auxiliary files (HO)
 (c:/texlive/2023/texmf-dist/tex/generic/uniquecounter/uniquecounter.sty
Package: uniquecounter 2019/12/15 v1.4 Provide unlimited unique counter (HO)
)
Package uniquecounter Info: New unique counter `rerunfilecheck' on input line 285.
)
\Hy@SectionHShift=\skip58
)
Package hyperref Info: Option `colorlinks' set `true' on input line 129.
 (c:/texlive/2023/texmf-dist/tex/latex/fancyhdr/fancyhdr.sty
Package: fancyhdr 2022/11/09 v4.1 Extensive control of page headers and footers
\f@nch@headwidth=\skip59
\f@nch@O@elh=\skip60
\f@nch@O@erh=\skip61
\f@nch@O@olh=\skip62
\f@nch@O@orh=\skip63
\f@nch@O@elf=\skip64
\f@nch@O@erf=\skip65
\f@nch@O@olf=\skip66
\f@nch@O@orf=\skip67
) (c:/texlive/2023/texmf-dist/tex/latex/tcolorbox/tcolorbox.sty
Package: tcolorbox 2024/01/10 version 6.2.0 text color boxes
 (c:/texlive/2023/texmf-dist/tex/latex/pgf/basiclayer/pgf.sty (c:/texlive/2023/texmf-dist/tex/latex/pgf/utilities/pgfrcs.sty (c:/texlive/2023/texmf-dist/tex/generic/pgf/utilities/pgfutil-common.tex
\pgfutil@everybye=\toks21
\pgfutil@tempdima=\dimen163
\pgfutil@tempdimb=\dimen164
) (c:/texlive/2023/texmf-dist/tex/generic/pgf/utilities/pgfutil-latex.def
\pgfutil@abb=\box54
) (c:/texlive/2023/texmf-dist/tex/generic/pgf/utilities/pgfrcs.code.tex (c:/texlive/2023/texmf-dist/tex/generic/pgf/pgf.revision.tex)
Package: pgfrcs 2023-01-15 v3.1.10 (3.1.10)
))
Package: pgf 2023-01-15 v3.1.10 (3.1.10)
 (c:/texlive/2023/texmf-dist/tex/latex/pgf/basiclayer/pgfcore.sty (c:/texlive/2023/texmf-dist/tex/latex/pgf/systemlayer/pgfsys.sty (c:/texlive/2023/texmf-dist/tex/generic/pgf/systemlayer/pgfsys.code.tex
Package: pgfsys 2023-01-15 v3.1.10 (3.1.10)
 (c:/texlive/2023/texmf-dist/tex/generic/pgf/utilities/pgfkeys.code.tex
\pgfkeys@pathtoks=\toks22
\pgfkeys@temptoks=\toks23
 (c:/texlive/2023/texmf-dist/tex/generic/pgf/utilities/pgfkeyslibraryfiltered.code.tex
\pgfkeys@tmptoks=\toks24
))
\pgf@x=\dimen165
\pgf@y=\dimen166
\pgf@xa=\dimen167
\pgf@ya=\dimen168
\pgf@xb=\dimen169
\pgf@yb=\dimen170
\pgf@xc=\dimen171
\pgf@yc=\dimen172
\pgf@xd=\dimen173
\pgf@yd=\dimen174
\w@pgf@writea=\write3
\r@pgf@reada=\read2
\c@pgf@counta=\count282
\c@pgf@countb=\count283
\c@pgf@countc=\count284
\c@pgf@countd=\count285
\t@pgf@toka=\toks25
\t@pgf@tokb=\toks26
\t@pgf@tokc=\toks27
\pgf@sys@id@count=\count286
 (c:/texlive/2023/texmf-dist/tex/generic/pgf/systemlayer/pgf.cfg
File: pgf.cfg 2023-01-15 v3.1.10 (3.1.10)
)
Driver file for pgf: pgfsys-pdftex.def
 (c:/texlive/2023/texmf-dist/tex/generic/pgf/systemlayer/pgfsys-pdftex.def
File: pgfsys-pdftex.def 2023-01-15 v3.1.10 (3.1.10)
 (c:/texlive/2023/texmf-dist/tex/generic/pgf/systemlayer/pgfsys-common-pdf.def
File: pgfsys-common-pdf.def 2023-01-15 v3.1.10 (3.1.10)
))) (c:/texlive/2023/texmf-dist/tex/generic/pgf/systemlayer/pgfsyssoftpath.code.tex
File: pgfsyssoftpath.code.tex 2023-01-15 v3.1.10 (3.1.10)
\pgfsyssoftpath@smallbuffer@items=\count287
\pgfsyssoftpath@bigbuffer@items=\count288
) (c:/texlive/2023/texmf-dist/tex/generic/pgf/systemlayer/pgfsysprotocol.code.tex
File: pgfsysprotocol.code.tex 2023-01-15 v3.1.10 (3.1.10)
)) (c:/texlive/2023/texmf-dist/tex/generic/pgf/basiclayer/pgfcore.code.tex
Package: pgfcore 2023-01-15 v3.1.10 (3.1.10)
 (c:/texlive/2023/texmf-dist/tex/generic/pgf/math/pgfmath.code.tex (c:/texlive/2023/texmf-dist/tex/generic/pgf/math/pgfmathutil.code.tex) (c:/texlive/2023/texmf-dist/tex/generic/pgf/math/pgfmathparser.code.tex
\pgfmath@dimen=\dimen175
\pgfmath@count=\count289
\pgfmath@box=\box55
\pgfmath@toks=\toks28
\pgfmath@stack@operand=\toks29
\pgfmath@stack@operation=\toks30
) (c:/texlive/2023/texmf-dist/tex/generic/pgf/math/pgfmathfunctions.code.tex) (c:/texlive/2023/texmf-dist/tex/generic/pgf/math/pgfmathfunctions.basic.code.tex) (c:/texlive/2023/texmf-dist/tex/generic/pgf/math/pgfmathfunctions.trigonometric.code.tex) (c:/texlive/2023/texmf-dist/tex/generic/pgf/math/pgfmathfunctions.random.code.tex) (c:/texlive/2023/texmf-dist/tex/generic/pgf/math/pgfmathfunctions.comparison.code.tex) (c:/texlive/2023/texmf-dist/tex/generic/pgf/math/pgfmathfunctions.base.code.tex) (c:/texlive/2023/texmf-dist/tex/generic/pgf/math/pgfmathfunctions.round.code.tex) (c:/texlive/2023/texmf-dist/tex/generic/pgf/math/pgfmathfunctions.misc.code.tex) (c:/texlive/2023/texmf-dist/tex/generic/pgf/math/pgfmathfunctions.integerarithmetics.code.tex) (c:/texlive/2023/texmf-dist/tex/generic/pgf/math/pgfmathcalc.code.tex) (c:/texlive/2023/texmf-dist/tex/generic/pgf/math/pgfmathfloat.code.tex
\c@pgfmathroundto@lastzeros=\count290
)) (c:/texlive/2023/texmf-dist/tex/generic/pgf/math/pgfint.code.tex) (c:/texlive/2023/texmf-dist/tex/generic/pgf/basiclayer/pgfcorepoints.code.tex
File: pgfcorepoints.code.tex 2023-01-15 v3.1.10 (3.1.10)
\pgf@picminx=\dimen176
\pgf@picmaxx=\dimen177
\pgf@picminy=\dimen178
\pgf@picmaxy=\dimen179
\pgf@pathminx=\dimen180
\pgf@pathmaxx=\dimen181
\pgf@pathminy=\dimen182
\pgf@pathmaxy=\dimen183
\pgf@xx=\dimen184
\pgf@xy=\dimen185
\pgf@yx=\dimen186
\pgf@yy=\dimen187
\pgf@zx=\dimen188
\pgf@zy=\dimen189
) (c:/texlive/2023/texmf-dist/tex/generic/pgf/basiclayer/pgfcorepathconstruct.code.tex
File: pgfcorepathconstruct.code.tex 2023-01-15 v3.1.10 (3.1.10)
\pgf@path@lastx=\dimen190
\pgf@path@lasty=\dimen191
) (c:/texlive/2023/texmf-dist/tex/generic/pgf/basiclayer/pgfcorepathusage.code.tex
File: pgfcorepathusage.code.tex 2023-01-15 v3.1.10 (3.1.10)
\pgf@shorten@end@additional=\dimen192
\pgf@shorten@start@additional=\dimen193
) (c:/texlive/2023/texmf-dist/tex/generic/pgf/basiclayer/pgfcorescopes.code.tex
File: pgfcorescopes.code.tex 2023-01-15 v3.1.10 (3.1.10)
\pgfpic=\box56
\pgf@hbox=\box57
\pgf@layerbox@main=\box58
\pgf@picture@serial@count=\count291
) (c:/texlive/2023/texmf-dist/tex/generic/pgf/basiclayer/pgfcoregraphicstate.code.tex
File: pgfcoregraphicstate.code.tex 2023-01-15 v3.1.10 (3.1.10)
\pgflinewidth=\dimen194
) (c:/texlive/2023/texmf-dist/tex/generic/pgf/basiclayer/pgfcoretransformations.code.tex
File: pgfcoretransformations.code.tex 2023-01-15 v3.1.10 (3.1.10)
\pgf@pt@x=\dimen195
\pgf@pt@y=\dimen196
\pgf@pt@temp=\dimen197
) (c:/texlive/2023/texmf-dist/tex/generic/pgf/basiclayer/pgfcorequick.code.tex
File: pgfcorequick.code.tex 2023-01-15 v3.1.10 (3.1.10)
) (c:/texlive/2023/texmf-dist/tex/generic/pgf/basiclayer/pgfcoreobjects.code.tex
File: pgfcoreobjects.code.tex 2023-01-15 v3.1.10 (3.1.10)
) (c:/texlive/2023/texmf-dist/tex/generic/pgf/basiclayer/pgfcorepathprocessing.code.tex
File: pgfcorepathprocessing.code.tex 2023-01-15 v3.1.10 (3.1.10)
) (c:/texlive/2023/texmf-dist/tex/generic/pgf/basiclayer/pgfcorearrows.code.tex
File: pgfcorearrows.code.tex 2023-01-15 v3.1.10 (3.1.10)
\pgfarrowsep=\dimen198
) (c:/texlive/2023/texmf-dist/tex/generic/pgf/basiclayer/pgfcoreshade.code.tex
File: pgfcoreshade.code.tex 2023-01-15 v3.1.10 (3.1.10)
\pgf@max=\dimen199
\pgf@sys@shading@range@num=\count292
\pgf@shadingcount=\count293
) (c:/texlive/2023/texmf-dist/tex/generic/pgf/basiclayer/pgfcoreimage.code.tex
File: pgfcoreimage.code.tex 2023-01-15 v3.1.10 (3.1.10)
) (c:/texlive/2023/texmf-dist/tex/generic/pgf/basiclayer/pgfcoreexternal.code.tex
File: pgfcoreexternal.code.tex 2023-01-15 v3.1.10 (3.1.10)
\pgfexternal@startupbox=\box59
) (c:/texlive/2023/texmf-dist/tex/generic/pgf/basiclayer/pgfcorelayers.code.tex
File: pgfcorelayers.code.tex 2023-01-15 v3.1.10 (3.1.10)
) (c:/texlive/2023/texmf-dist/tex/generic/pgf/basiclayer/pgfcoretransparency.code.tex
File: pgfcoretransparency.code.tex 2023-01-15 v3.1.10 (3.1.10)
) (c:/texlive/2023/texmf-dist/tex/generic/pgf/basiclayer/pgfcorepatterns.code.tex
File: pgfcorepatterns.code.tex 2023-01-15 v3.1.10 (3.1.10)
) (c:/texlive/2023/texmf-dist/tex/generic/pgf/basiclayer/pgfcorerdf.code.tex
File: pgfcorerdf.code.tex 2023-01-15 v3.1.10 (3.1.10)
))) (c:/texlive/2023/texmf-dist/tex/generic/pgf/modules/pgfmoduleshapes.code.tex
File: pgfmoduleshapes.code.tex 2023-01-15 v3.1.10 (3.1.10)
\pgfnodeparttextbox=\box60
) (c:/texlive/2023/texmf-dist/tex/generic/pgf/modules/pgfmoduleplot.code.tex
File: pgfmoduleplot.code.tex 2023-01-15 v3.1.10 (3.1.10)
) (c:/texlive/2023/texmf-dist/tex/latex/pgf/compatibility/pgfcomp-version-0-65.sty
Package: pgfcomp-version-0-65 2023-01-15 v3.1.10 (3.1.10)
\pgf@nodesepstart=\dimen256
\pgf@nodesepend=\dimen257
) (c:/texlive/2023/texmf-dist/tex/latex/pgf/compatibility/pgfcomp-version-1-18.sty
Package: pgfcomp-version-1-18 2023-01-15 v3.1.10 (3.1.10)
)) (c:/texlive/2023/texmf-dist/tex/latex/tools/verbatim.sty
Package: verbatim 2023-11-06 v1.5v LaTeX2e package for verbatim enhancements
\every@verbatim=\toks31
\verbatim@line=\toks32
\verbatim@in@stream=\read3
) (c:/texlive/2023/texmf-dist/tex/latex/environ/environ.sty
Package: environ 2014/05/04 v0.3 A new way to define environments
 (c:/texlive/2023/texmf-dist/tex/latex/trimspaces/trimspaces.sty
Package: trimspaces 2009/09/17 v1.1 Trim spaces around a token list
)
\@envbody=\toks33
)
\tcb@titlebox=\box61
\tcb@upperbox=\box62
\tcb@lowerbox=\box63
\tcb@phantombox=\box64
\c@tcbbreakpart=\count294
\c@tcblayer=\count295
\c@tcolorbox@number=\count296
\l__tcobox_tmpa_box=\box65
\l__tcobox_tmpa_dim=\dimen258
\tcb@temp=\box66
\tcb@temp=\box67
\tcb@temp=\box68
\tcb@temp=\box69
)
\c@ExampleCounter=\count297
 (c:/texlive/2023/texmf-dist/tex/latex/pgf/frontendlayer/tikz.sty (c:/texlive/2023/texmf-dist/tex/latex/pgf/utilities/pgffor.sty (c:/texlive/2023/texmf-dist/tex/latex/pgf/utilities/pgfkeys.sty (c:/texlive/2023/texmf-dist/tex/generic/pgf/utilities/pgfkeys.code.tex)) (c:/texlive/2023/texmf-dist/tex/latex/pgf/math/pgfmath.sty (c:/texlive/2023/texmf-dist/tex/generic/pgf/math/pgfmath.code.tex)) (c:/texlive/2023/texmf-dist/tex/generic/pgf/utilities/pgffor.code.tex
Package: pgffor 2023-01-15 v3.1.10 (3.1.10)
\pgffor@iter=\dimen259
\pgffor@skip=\dimen260
\pgffor@stack=\toks34
\pgffor@toks=\toks35
)) (c:/texlive/2023/texmf-dist/tex/generic/pgf/frontendlayer/tikz/tikz.code.tex
Package: tikz 2023-01-15 v3.1.10 (3.1.10)
 (c:/texlive/2023/texmf-dist/tex/generic/pgf/libraries/pgflibraryplothandlers.code.tex
File: pgflibraryplothandlers.code.tex 2023-01-15 v3.1.10 (3.1.10)
\pgf@plot@mark@count=\count298
\pgfplotmarksize=\dimen261
)
\tikz@lastx=\dimen262
\tikz@lasty=\dimen263
\tikz@lastxsaved=\dimen264
\tikz@lastysaved=\dimen265
\tikz@lastmovetox=\dimen266
\tikz@lastmovetoy=\dimen267
\tikzleveldistance=\dimen268
\tikzsiblingdistance=\dimen269
\tikz@figbox=\box70
\tikz@figbox@bg=\box71
\tikz@tempbox=\box72
\tikz@tempbox@bg=\box73
\tikztreelevel=\count299
\tikznumberofchildren=\count300
\tikznumberofcurrentchild=\count301
\tikz@fig@count=\count302
 (c:/texlive/2023/texmf-dist/tex/generic/pgf/modules/pgfmodulematrix.code.tex
File: pgfmodulematrix.code.tex 2023-01-15 v3.1.10 (3.1.10)
\pgfmatrixcurrentrow=\count303
\pgfmatrixcurrentcolumn=\count304
\pgf@matrix@numberofcolumns=\count305
)
\tikz@expandcount=\count306
 (c:/texlive/2023/texmf-dist/tex/generic/pgf/frontendlayer/tikz/libraries/tikzlibrarytopaths.code.tex
File: tikzlibrarytopaths.code.tex 2023-01-15 v3.1.10 (3.1.10)
))) (c:/texlive/2023/texmf-dist/tex/latex/psnfss/pifont.sty
Package: pifont 2020/03/25 PSNFSS-v9.3 Pi font support (SPQR) 
LaTeX Font Info:    Trying to load font information for U+pzd on input line 63.
 (c:/texlive/2023/texmf-dist/tex/latex/psnfss/upzd.fd
File: upzd.fd 2001/06/04 font definitions for U/pzd.
)
LaTeX Font Info:    Trying to load font information for U+psy on input line 64.
 (c:/texlive/2023/texmf-dist/tex/latex/psnfss/upsy.fd
File: upsy.fd 2001/06/04 font definitions for U/psy.
)) (c:/texlive/2023/texmf-dist/tex/generic/pgf/frontendlayer/tikz/libraries/tikzlibraryshapes.code.tex
File: tikzlibraryshapes.code.tex 2023-01-15 v3.1.10 (3.1.10)
 (c:/texlive/2023/texmf-dist/tex/generic/pgf/frontendlayer/tikz/libraries/tikzlibraryshapes.geometric.code.tex
File: tikzlibraryshapes.geometric.code.tex 2023-01-15 v3.1.10 (3.1.10)
 (c:/texlive/2023/texmf-dist/tex/generic/pgf/libraries/shapes/pgflibraryshapes.geometric.code.tex
File: pgflibraryshapes.geometric.code.tex 2023-01-15 v3.1.10 (3.1.10)
)) (c:/texlive/2023/texmf-dist/tex/generic/pgf/frontendlayer/tikz/libraries/tikzlibraryshapes.misc.code.tex
File: tikzlibraryshapes.misc.code.tex 2023-01-15 v3.1.10 (3.1.10)
 (c:/texlive/2023/texmf-dist/tex/generic/pgf/libraries/shapes/pgflibraryshapes.misc.code.tex
File: pgflibraryshapes.misc.code.tex 2023-01-15 v3.1.10 (3.1.10)
)) (c:/texlive/2023/texmf-dist/tex/generic/pgf/frontendlayer/tikz/libraries/tikzlibraryshapes.symbols.code.tex
File: tikzlibraryshapes.symbols.code.tex 2023-01-15 v3.1.10 (3.1.10)
 (c:/texlive/2023/texmf-dist/tex/generic/pgf/libraries/shapes/pgflibraryshapes.symbols.code.tex
File: pgflibraryshapes.symbols.code.tex 2023-01-15 v3.1.10 (3.1.10)
)) (c:/texlive/2023/texmf-dist/tex/generic/pgf/frontendlayer/tikz/libraries/tikzlibraryshapes.arrows.code.tex
File: tikzlibraryshapes.arrows.code.tex 2023-01-15 v3.1.10 (3.1.10)
 (c:/texlive/2023/texmf-dist/tex/generic/pgf/libraries/shapes/pgflibraryshapes.arrows.code.tex
File: pgflibraryshapes.arrows.code.tex 2023-01-15 v3.1.10 (3.1.10)
)) (c:/texlive/2023/texmf-dist/tex/generic/pgf/frontendlayer/tikz/libraries/tikzlibraryshapes.callouts.code.tex (c:/texlive/2023/texmf-dist/tex/generic/pgf/libraries/shapes/pgflibraryshapes.callouts.code.tex)) (c:/texlive/2023/texmf-dist/tex/generic/pgf/frontendlayer/tikz/libraries/tikzlibraryshapes.multipart.code.tex
File: tikzlibraryshapes.multipart.code.tex 2023-01-15 v3.1.10 (3.1.10)
 (c:/texlive/2023/texmf-dist/tex/generic/pgf/libraries/shapes/pgflibraryshapes.multipart.code.tex
File: pgflibraryshapes.multipart.code.tex 2023-01-15 v3.1.10 (3.1.10)
\pgfnodepartlowerbox=\box74
\pgfnodeparttwobox=\box75
\pgfnodepartthreebox=\box76
\pgfnodepartfourbox=\box77
\pgfnodeparttwentybox=\box78
\pgfnodepartnineteenbox=\box79
\pgfnodeparteighteenbox=\box80
\pgfnodepartseventeenbox=\box81
\pgfnodepartsixteenbox=\box82
\pgfnodepartfifteenbox=\box83
\pgfnodepartfourteenbox=\box84
\pgfnodepartthirteenbox=\box85
\pgfnodeparttwelvebox=\box86
\pgfnodepartelevenbox=\box87
\pgfnodeparttenbox=\box88
\pgfnodepartninebox=\box89
\pgfnodeparteightbox=\box90
\pgfnodepartsevenbox=\box91
\pgfnodepartsixbox=\box92
\pgfnodepartfivebox=\box93
))) (c:/texlive/2023/texmf-dist/tex/generic/pgf/frontendlayer/tikz/libraries/tikzlibrarybackgrounds.code.tex
File: tikzlibrarybackgrounds.code.tex 2023-01-15 v3.1.10 (3.1.10)
\pgf@layerbox@background=\box94
\pgf@layerboxsaved@background=\box95
) (c:/texlive/2023/texmf-dist/tex/generic/pgf/frontendlayer/tikz/libraries/tikzlibrarycalc.code.tex
File: tikzlibrarycalc.code.tex 2023-01-15 v3.1.10 (3.1.10)
) (c:/texlive/2023/texmf-dist/tex/generic/pgf/frontendlayer/tikz/libraries/tikzlibrarypatterns.code.tex
File: tikzlibrarypatterns.code.tex 2023-01-15 v3.1.10 (3.1.10)

(c:/texlive/2023/texmf-dist/tex/generic/pgf/libraries/pgflibrarypatterns.code.tex
File: pgflibrarypatterns.code.tex 2023-01-15 v3.1.10 (3.1.10)
)) (c:/texlive/2023/texmf-dist/tex/latex/amsmath/amsmath.sty
Package: amsmath 2023/05/13 v2.17o AMS math features
\@mathmargin=\skip68

For additional information on amsmath, use the `?' option.
(c:/texlive/2023/texmf-dist/tex/latex/amsmath/amstext.sty
Package: amstext 2021/08/26 v2.01 AMS text
 (c:/texlive/2023/texmf-dist/tex/latex/amsmath/amsgen.sty
File: amsgen.sty 1999/11/30 v2.0 generic functions
\@emptytoks=\toks36
\ex@=\dimen270
)) (c:/texlive/2023/texmf-dist/tex/latex/amsmath/amsbsy.sty
Package: amsbsy 1999/11/29 v1.2d Bold Symbols
\pmbraise@=\dimen271
) (c:/texlive/2023/texmf-dist/tex/latex/amsmath/amsopn.sty
Package: amsopn 2022/04/08 v2.04 operator names
)
\inf@bad=\count307
LaTeX Info: Redefining \frac on input line 234.
\uproot@=\count308
\leftroot@=\count309
LaTeX Info: Redefining \overline on input line 399.
LaTeX Info: Redefining \colon on input line 410.
\classnum@=\count310
\DOTSCASE@=\count311
LaTeX Info: Redefining \ldots on input line 496.
LaTeX Info: Redefining \dots on input line 499.
LaTeX Info: Redefining \cdots on input line 620.
\Mathstrutbox@=\box96
\strutbox@=\box97
LaTeX Info: Redefining \big on input line 722.
LaTeX Info: Redefining \Big on input line 723.
LaTeX Info: Redefining \bigg on input line 724.
LaTeX Info: Redefining \Bigg on input line 725.
\big@size=\dimen272
LaTeX Font Info:    Redeclaring font encoding OML on input line 743.
LaTeX Font Info:    Redeclaring font encoding OMS on input line 744.
\macc@depth=\count312
LaTeX Info: Redefining \bmod on input line 905.
LaTeX Info: Redefining \pmod on input line 910.
LaTeX Info: Redefining \smash on input line 940.
LaTeX Info: Redefining \relbar on input line 970.
LaTeX Info: Redefining \Relbar on input line 971.
\c@MaxMatrixCols=\count313
\dotsspace@=\muskip17
\c@parentequation=\count314
\dspbrk@lvl=\count315
\tag@help=\toks37
\row@=\count316
\column@=\count317
\maxfields@=\count318
\andhelp@=\toks38
\eqnshift@=\dimen273
\alignsep@=\dimen274
\tagshift@=\dimen275
\tagwidth@=\dimen276
\totwidth@=\dimen277
\lineht@=\dimen278
\@envbody=\toks39
\multlinegap=\skip69
\multlinetaggap=\skip70
\mathdisplay@stack=\toks40
LaTeX Info: Redefining \[ on input line 2953.
LaTeX Info: Redefining \] on input line 2954.
) (c:/texlive/2023/texmf-dist/tex/latex/amscls/amsthm.sty
Package: amsthm 2020/05/29 v2.20.6
\thm@style=\toks41
\thm@bodyfont=\toks42
\thm@headfont=\toks43
\thm@notefont=\toks44
\thm@headpunct=\toks45
\thm@preskip=\skip71
\thm@postskip=\skip72
\thm@headsep=\skip73
\dth@everypar=\toks46
) (c:/texlive/2023/texmf-dist/tex/latex/mathtools/mathtools.sty
Package: mathtools 2022/06/29 v1.29 mathematical typesetting tools
 (c:/texlive/2023/texmf-dist/tex/latex/tools/calc.sty
Package: calc 2023/07/08 v4.3 Infix arithmetic (KKT,FJ)
\calc@Acount=\count319
\calc@Bcount=\count320
\calc@Adimen=\dimen279
\calc@Bdimen=\dimen280
\calc@Askip=\skip74
\calc@Bskip=\skip75
LaTeX Info: Redefining \setlength on input line 80.
LaTeX Info: Redefining \addtolength on input line 81.
\calc@Ccount=\count321
\calc@Cskip=\skip76
) (c:/texlive/2023/texmf-dist/tex/latex/mathtools/mhsetup.sty
Package: mhsetup 2021/03/18 v1.4 programming setup (MH)
)
\g_MT_multlinerow_int=\count322
\l_MT_multwidth_dim=\dimen281
\origjot=\skip77
\l_MT_shortvdotswithinadjustabove_dim=\dimen282
\l_MT_shortvdotswithinadjustbelow_dim=\dimen283
\l_MT_above_intertext_sep=\dimen284
\l_MT_below_intertext_sep=\dimen285
\l_MT_above_shortintertext_sep=\dimen286
\l_MT_below_shortintertext_sep=\dimen287
\xmathstrut@box=\box98
\xmathstrut@dim=\dimen288
) (c:/texlive/2023/texmf-dist/tex/latex/amsfonts/amssymb.sty
Package: amssymb 2013/01/14 v3.01 AMS font symbols
 (c:/texlive/2023/texmf-dist/tex/latex/amsfonts/amsfonts.sty
Package: amsfonts 2013/01/14 v3.01 Basic AMSFonts support
\symAMSa=\mathgroup4
\symAMSb=\mathgroup5
LaTeX Font Info:    Redeclaring math symbol \hbar on input line 98.
LaTeX Font Info:    Overwriting math alphabet `\mathfrak' in version `bold'
(Font)                  U/euf/m/n --> U/euf/b/n on input line 106.
)) (c:/texlive/2023/texmf-dist/tex/latex/mdframed/mdframed.sty
Package: mdframed 2013/07/01 1.9b: mdframed
 (c:/texlive/2023/texmf-dist/tex/latex/zref/zref-abspage.sty
Package: zref-abspage 2023-09-14 v2.35 Module abspage for zref (HO)
 (c:/texlive/2023/texmf-dist/tex/latex/zref/zref-base.sty
Package: zref-base 2023-09-14 v2.35 Module base for zref (HO)
 (c:/texlive/2023/texmf-dist/tex/generic/etexcmds/etexcmds.sty
Package: etexcmds 2019/12/15 v1.7 Avoid name clashes with e-TeX commands (HO)
)
Package zref Info: New property list: main on input line 767.
Package zref Info: New property: default on input line 768.
Package zref Info: New property: page on input line 769.
)
\c@abspage=\count323
Package zref Info: New property: abspage on input line 67.
) (c:/texlive/2023/texmf-dist/tex/latex/needspace/needspace.sty
Package: needspace 2010/09/12 v1.3d reserve vertical space
)
\mdf@templength=\skip78
\c@mdf@globalstyle@cnt=\count324
\mdf@skipabove@length=\skip79
\mdf@skipbelow@length=\skip80
\mdf@leftmargin@length=\skip81
\mdf@rightmargin@length=\skip82
\mdf@innerleftmargin@length=\skip83
\mdf@innerrightmargin@length=\skip84
\mdf@innertopmargin@length=\skip85
\mdf@innerbottommargin@length=\skip86
\mdf@splittopskip@length=\skip87
\mdf@splitbottomskip@length=\skip88
\mdf@outermargin@length=\skip89
\mdf@innermargin@length=\skip90
\mdf@linewidth@length=\skip91
\mdf@innerlinewidth@length=\skip92
\mdf@middlelinewidth@length=\skip93
\mdf@outerlinewidth@length=\skip94
\mdf@roundcorner@length=\skip95
\mdf@footenotedistance@length=\skip96
\mdf@userdefinedwidth@length=\skip97
\mdf@needspace@length=\skip98
\mdf@frametitleaboveskip@length=\skip99
\mdf@frametitlebelowskip@length=\skip100
\mdf@frametitlerulewidth@length=\skip101
\mdf@frametitleleftmargin@length=\skip102
\mdf@frametitlerightmargin@length=\skip103
\mdf@shadowsize@length=\skip104
\mdf@extratopheight@length=\skip105
\mdf@subtitleabovelinewidth@length=\skip106
\mdf@subtitlebelowlinewidth@length=\skip107
\mdf@subtitleaboveskip@length=\skip108
\mdf@subtitlebelowskip@length=\skip109
\mdf@subtitleinneraboveskip@length=\skip110
\mdf@subtitleinnerbelowskip@length=\skip111
\mdf@subsubtitleabovelinewidth@length=\skip112
\mdf@subsubtitlebelowlinewidth@length=\skip113
\mdf@subsubtitleaboveskip@length=\skip114
\mdf@subsubtitlebelowskip@length=\skip115
\mdf@subsubtitleinneraboveskip@length=\skip116
\mdf@subsubtitleinnerbelowskip@length=\skip117
 (c:/texlive/2023/texmf-dist/tex/latex/mdframed/md-frame-0.mdf
File: md-frame-0.mdf 2013/07/01\ 1.9b: md-frame-0
)
\mdf@frametitlebox=\box99
\mdf@footnotebox=\box100
\mdf@splitbox@one=\box101
\mdf@splitbox@two=\box102
\mdf@splitbox@save=\box103
\mdfsplitboxwidth=\skip118
\mdfsplitboxtotalwidth=\skip119
\mdfsplitboxheight=\skip120
\mdfsplitboxdepth=\skip121
\mdfsplitboxtotalheight=\skip122
\mdfframetitleboxwidth=\skip123
\mdfframetitleboxtotalwidth=\skip124
\mdfframetitleboxheight=\skip125
\mdfframetitleboxdepth=\skip126
\mdfframetitleboxtotalheight=\skip127
\mdffootnoteboxwidth=\skip128
\mdffootnoteboxtotalwidth=\skip129
\mdffootnoteboxheight=\skip130
\mdffootnoteboxdepth=\skip131
\mdffootnoteboxtotalheight=\skip132
\mdftotallinewidth=\skip133
\mdfboundingboxwidth=\skip134
\mdfboundingboxtotalwidth=\skip135
\mdfboundingboxheight=\skip136
\mdfboundingboxdepth=\skip137
\mdfboundingboxtotalheight=\skip138
\mdf@freevspace@length=\skip139
\mdf@horizontalwidthofbox@length=\skip140
\mdf@verticalmarginwhole@length=\skip141
\mdf@horizontalspaceofbox=\skip142
\mdfsubtitleheight=\skip143
\mdfsubsubtitleheight=\skip144
\c@mdfcountframes=\count325

****** mdframed patching \endmdf@trivlist

****** -- success******

\mdf@envdepth=\count326
\c@mdf@env@i=\count327
\c@mdf@env@ii=\count328
\c@mdf@zref@counter=\count329
Package zref Info: New property: mdf@pagevalue on input line 895.
) (c:/texlive/2023/texmf-dist/tex/latex/tools/tabularx.sty
Package: tabularx 2023/07/08 v2.11c `tabularx' package (DPC)
 (c:/texlive/2023/texmf-dist/tex/latex/tools/array.sty
Package: array 2023/10/16 v2.5g Tabular extension package (FMi)
\col@sep=\dimen289
\ar@mcellbox=\box104
\extrarowheight=\dimen290
\NC@list=\toks47
\extratabsurround=\skip145
\backup@length=\skip146
\ar@cellbox=\box105
)
\TX@col@width=\dimen291
\TX@old@table=\dimen292
\TX@old@col=\dimen293
\TX@target=\dimen294
\TX@delta=\dimen295
\TX@cols=\count330
\TX@ftn=\toks48
) (c:/texlive/2023/texmf-dist/tex/latex/jknapltx/mathrsfs.sty
Package: mathrsfs 1996/01/01 Math RSFS package v1.0 (jk)
\symrsfs=\mathgroup6
) (c:/texlive/2023/texmf-dist/tex/latex/tools/multicol.sty
Package: multicol 2023/03/30 v1.9f multicolumn formatting (FMi)
\c@tracingmulticols=\count331
\mult@box=\box106
\multicol@leftmargin=\dimen296
\c@unbalance=\count332
\c@collectmore=\count333
\doublecol@number=\count334
\multicoltolerance=\count335
\multicolpretolerance=\count336
\full@width=\dimen297
\page@free=\dimen298
\premulticols=\dimen299
\postmulticols=\dimen300
\multicolsep=\skip147
\multicolbaselineskip=\skip148
\partial@page=\box107
\last@line=\box108
\mc@boxedresult=\box109
\maxbalancingoverflow=\dimen301
\mult@rightbox=\box110
\mult@grightbox=\box111
\mult@firstbox=\box112
\mult@gfirstbox=\box113
\@tempa=\box114
\@tempa=\box115
\@tempa=\box116
\@tempa=\box117
\@tempa=\box118
\@tempa=\box119
\@tempa=\box120
\@tempa=\box121
\@tempa=\box122
\@tempa=\box123
\@tempa=\box124
\@tempa=\box125
\@tempa=\box126
\@tempa=\box127
\@tempa=\box128
\@tempa=\box129
\@tempa=\box130
\@tempa=\box131
\@tempa=\box132
\@tempa=\box133
\@tempa=\box134
\@tempa=\box135
\@tempa=\box136
\@tempa=\box137
\@tempa=\box138
\@tempa=\box139
\@tempa=\box140
\@tempa=\box141
\@tempa=\box142
\@tempa=\box143
\@tempa=\box144
\@tempa=\box145
\@tempa=\box146
\@tempa=\box147
\@tempa=\box148
\@tempa=\box149
\c@minrows=\count337
\c@columnbadness=\count338
\c@finalcolumnbadness=\count339
\last@try=\dimen302
\multicolovershoot=\dimen303
\multicolundershoot=\dimen304
\mult@nat@firstbox=\box150
\colbreak@box=\box151
\mc@col@check@num=\count340
) (c:/texlive/2023/texmf-dist/tex/latex/carlisle/slashed.sty
Package: slashed 1997/01/16 v0.01 Feynman Slashed Character Notation (DPC)
) (c:/texlive/2023/texmf-dist/tex/latex/tools/enumerate.sty
Package: enumerate 2023/07/04 v3.00 enumerate extensions (DPC)
\@enLab=\toks49
) (c:/texlive/2023/texmf-dist/tex/latex/enumitem/enumitem.sty
Package: enumitem 2019/06/20 v3.9 Customized lists
\labelindent=\skip149
\enit@outerparindent=\dimen305
\enit@toks=\toks50
\enit@inbox=\box152
\enit@count@id=\count341
\enitdp@description=\count342
) (c:/texlive/2023/texmf-dist/tex/latex/lipsum/lipsum.sty (c:/texlive/2023/texmf-dist/tex/latex/l3packages/l3keys2e/l3keys2e.sty
Package: l3keys2e 2024-02-13 LaTeX2e option processing using LaTeX3 keys
)
Package: lipsum 2021-09-20 v2.7 150 paragraphs of Lorem Ipsum dummy text
\g__lipsum_par_int=\count343
\l__lipsum_a_int=\count344
\l__lipsum_b_int=\count345
 (c:/texlive/2023/texmf-dist/tex/latex/lipsum/lipsum.ltd.tex)) (c:/texlive/2023/texmf-dist/tex/latex/booktabs/booktabs.sty
Package: booktabs 2020/01/12 v1.61803398 Publication quality tables
\heavyrulewidth=\dimen306
\lightrulewidth=\dimen307
\cmidrulewidth=\dimen308
\belowrulesep=\dimen309
\belowbottomsep=\dimen310
\aboverulesep=\dimen311
\abovetopsep=\dimen312
\cmidrulesep=\dimen313
\cmidrulekern=\dimen314
\defaultaddspace=\dimen315
\@cmidla=\count346
\@cmidlb=\count347
\@aboverulesep=\dimen316
\@belowrulesep=\dimen317
\@thisruleclass=\count348
\@lastruleclass=\count349
\@thisrulewidth=\dimen318
) (c:/texlive/2023/texmf-dist/tex/latex/ragged2e/ragged2e.sty
Package: ragged2e 2023/06/22 v3.6 ragged2e Package
\CenteringLeftskip=\skip150
\RaggedLeftLeftskip=\skip151
\RaggedRightLeftskip=\skip152
\CenteringRightskip=\skip153
\RaggedLeftRightskip=\skip154
\RaggedRightRightskip=\skip155
\CenteringParfillskip=\skip156
\RaggedLeftParfillskip=\skip157
\RaggedRightParfillskip=\skip158
\JustifyingParfillskip=\skip159
\CenteringParindent=\skip160
\RaggedLeftParindent=\skip161
\RaggedRightParindent=\skip162
\JustifyingParindent=\skip163
) (c:/texlive/2023/texmf-dist/tex/latex/multirow/multirow.sty
Package: multirow 2021/03/15 v2.8 Span multiple rows of a table
\multirow@colwidth=\skip164
\multirow@cntb=\count350
\multirow@dima=\skip165
\bigstrutjot=\dimen319
)
\c@exmp=\count351
 (c:/texlive/2023/texmf-dist/tex/latex/listings/listings.sty
\lst@mode=\count352
\lst@gtempboxa=\box153
\lst@token=\toks51
\lst@length=\count353
\lst@currlwidth=\dimen320
\lst@column=\count354
\lst@pos=\count355
\lst@lostspace=\dimen321
\lst@width=\dimen322
\lst@newlines=\count356
\lst@lineno=\count357
\lst@maxwidth=\dimen323
 (c:/texlive/2023/texmf-dist/tex/latex/listings/lstmisc.sty
File: lstmisc.sty 2023/02/27 1.9 (Carsten Heinz)
\c@lstnumber=\count358
\lst@skipnumbers=\count359
\lst@framebox=\box154
) (c:/texlive/2023/texmf-dist/tex/latex/listings/listings.cfg
File: listings.cfg 2023/02/27 1.9 listings configuration
))
Package: listings 2023/02/27 1.9 (Carsten Heinz)
 (build/crypt_main.aux)
\openout1 = `crypt_main.aux'.

LaTeX Font Info:    Checking defaults for OML/cmm/m/it on input line 488.
LaTeX Font Info:    ... okay on input line 488.
LaTeX Font Info:    Checking defaults for OMS/cmsy/m/n on input line 488.
LaTeX Font Info:    ... okay on input line 488.
LaTeX Font Info:    Checking defaults for OT1/cmr/m/n on input line 488.
LaTeX Font Info:    ... okay on input line 488.
LaTeX Font Info:    Checking defaults for T1/cmr/m/n on input line 488.
LaTeX Font Info:    ... okay on input line 488.
LaTeX Font Info:    Checking defaults for TS1/cmr/m/n on input line 488.
LaTeX Font Info:    ... okay on input line 488.
LaTeX Font Info:    Checking defaults for OMX/cmex/m/n on input line 488.
LaTeX Font Info:    ... okay on input line 488.
LaTeX Font Info:    Checking defaults for U/cmr/m/n on input line 488.
LaTeX Font Info:    ... okay on input line 488.
LaTeX Font Info:    Checking defaults for PD1/pdf/m/n on input line 488.
LaTeX Font Info:    ... okay on input line 488.
LaTeX Font Info:    Checking defaults for PU/pdf/m/n on input line 488.
LaTeX Font Info:    ... okay on input line 488.

*geometry* driver: auto-detecting
*geometry* detected driver: pdftex
*geometry* verbose mode - [ preamble ] result:
* driver: pdftex
* paper: <default>
* layout: <same size as paper>
* layoutoffset:(h,v)=(0.0pt,0.0pt)
* modes: 
* h-part:(L,W,R)=(72.26999pt, 469.75502pt, 72.26999pt)
* v-part:(T,H,B)=(72.26999pt, 650.43001pt, 72.26999pt)
* \paperwidth=614.295pt
* \paperheight=794.96999pt
* \textwidth=469.75502pt
* \textheight=650.43001pt
* \oddsidemargin=0.0pt
* \evensidemargin=0.0pt
* \topmargin=-31.8738pt
* \headheight=18.5764pt
* \headsep=19.8738pt
* \topskip=12.0pt
* \footskip=36.135pt
* \marginparwidth=47.0pt
* \marginparsep=7.0pt
* \columnsep=10.0pt
* \skip\footins=10.8pt plus 4.0pt minus 2.0pt
* \hoffset=0.0pt
* \voffset=0.0pt
* \mag=1000
* \@twocolumnfalse
* \@twosidefalse
* \@mparswitchfalse
* \@reversemarginfalse
* (1in=72.27pt=25.4mm, 1cm=28.453pt)

(c:/texlive/2023/texmf-dist/tex/context/base/mkii/supp-pdf.mkii
[Loading MPS to PDF converter (version 2006.09.02).]
\scratchcounter=\count360
\scratchdimen=\dimen324
\scratchbox=\box155
\nofMPsegments=\count361
\nofMParguments=\count362
\everyMPshowfont=\toks52
\MPscratchCnt=\count363
\MPscratchDim=\dimen325
\MPnumerator=\count364
\makeMPintoPDFobject=\count365
\everyMPtoPDFconversion=\toks53
) (c:/texlive/2023/texmf-dist/tex/latex/epstopdf-pkg/epstopdf-base.sty
Package: epstopdf-base 2020-01-24 v2.11 Base part for package epstopdf
Package epstopdf-base Info: Redefining graphics rule for `.eps' on input line 485.
 (c:/texlive/2023/texmf-dist/tex/latex/latexconfig/epstopdf-sys.cfg
File: epstopdf-sys.cfg 2010/07/13 v1.3 Configuration of (r)epstopdf for TeX Live
))
Package caption Info: Begin \AtBeginDocument code.
Package caption Info: hyperref package is loaded.
Package caption Info: listings package is loaded.
Package caption Info: End \AtBeginDocument code.
Package hyperref Info: Link coloring ON on input line 488.
 (build/crypt_main.out) (build/crypt_main.out)
\@outlinefile=\write4
\openout4 = `crypt_main.out'.

\c@lstlisting=\count366
<images/Hendrix Logo.png, id=143, 368.8179pt x 258.7266pt>
File: images/Hendrix Logo.png Graphic file (type png)
<use images/Hendrix Logo.png>
Package pdftex.def Info: images/Hendrix Logo.png  used on input line 511.
(pdftex.def)             Requested size: 375.80544pt x 263.62915pt.
 [1


{c:/texlive/2023/texmf-var/fonts/map/pdftex/updmap/pdftex.map} <./images/Hendrix Logo.png>]
LaTeX Font Info:    Font shape `OT1/cmr/bx/sc' in size <12> not available
(Font)              Font shape `OT1/cmr/b/sc' tried instead on input line 572.
LaTeX Font Info:    Font shape `OT1/cmr/bx/sc' in size <17.28> not available
(Font)              Font shape `OT1/cmr/b/sc' tried instead on input line 572.
 (build/crypt_main.toc
LaTeX Font Info:    Trying to load font information for U+msa on input line 3.
 (c:/texlive/2023/texmf-dist/tex/latex/amsfonts/umsa.fd
File: umsa.fd 2013/01/14 v3.01 AMS symbols A
)
LaTeX Font Info:    Trying to load font information for U+msb on input line 3.
 (c:/texlive/2023/texmf-dist/tex/latex/amsfonts/umsb.fd
File: umsb.fd 2013/01/14 v3.01 AMS symbols B
)
LaTeX Font Info:    Trying to load font information for U+rsfs on input line 3.
 (c:/texlive/2023/texmf-dist/tex/latex/jknapltx/ursfs.fd
File: ursfs.fd 1998/03/24 rsfs font definition file (jk)
))
\tf@toc=\write5
\openout5 = `crypt_main.toc'.


pdfTeX warning (ext4): destination with the same identifier (name{page.1}) has been already used, duplicate ignored
<to be read again> 
                   \relax 
l.602 \chapter
              {The Real Numbers}\label{Real nums} [1

]
Chapter 1.
LaTeX Font Info:    Font shape `OT1/cmr/bx/sc' in size <14.4> not available
(Font)              Font shape `OT1/cmr/b/sc' tried instead on input line 602.
(./Chapters/ch_1.tex [2

]
Underfull \hbox (badness 10000) in paragraph at lines 35--36

 []


Underfull \hbox (badness 10000) in paragraph at lines 39--40

 []

<images/small logo.png, id=211, 70.01157pt x 96.36pt>
File: images/small logo.png Graphic file (type png)
<use images/small logo.png>
Package pdftex.def Info: images/small logo.png  used on input line 45.
(pdftex.def)             Requested size: 10.3357pt x 14.22636pt.
[3 <./images/small logo.png>]
Underfull \hbox (badness 10000) in paragraph at lines 49--50

 []

Package mdframed Info: mdframed detected package amsthm 
 changed the theorem header of amsthm
(mdframed)              on input line 59.
Package mdframed Info: mdframed detected package amsthm 
 changed the theorem header of amsthm
(mdframed)              on input line 67.

Underfull \hbox (badness 10000) in paragraph at lines 77--78

 []


Underfull \hbox (badness 10000) in paragraph at lines 79--80

 []


Underfull \hbox (badness 10000) in paragraph at lines 81--82

 []

File: images/small logo.png Graphic file (type png)
<use images/small logo.png>
Package pdftex.def Info: images/small logo.png  used on input line 82.
(pdftex.def)             Requested size: 10.3357pt x 14.22636pt.
[4]
Overfull \hbox (54.83276pt too wide) in paragraph at lines 85--88
[][]                      
 []

Package mdframed Info: mdframed detected package amsthm 
 changed the theorem header of amsthm
(mdframed)              on input line 88.
Package mdframed Info: mdframed detected package amsthm 
 changed the theorem header of amsthm
(mdframed)              on input line 104.
File: images/small logo.png Graphic file (type png)
<use images/small logo.png>
Package pdftex.def Info: images/small logo.png  used on input line 157.
(pdftex.def)             Requested size: 10.3357pt x 14.22636pt.
[5]
Package mdframed Info: mdframed detected package amsthm 
 changed the theorem header of amsthm
(mdframed)              on input line 157.

Underfull \hbox (badness 10000) in paragraph at lines 157--157

 []

Package mdframed Info: mdframed detected package amsthm 
 changed the theorem header of amsthm
(mdframed)              on input line 173.
File: images/small logo.png Graphic file (type png)
<use images/small logo.png>
Package pdftex.def Info: images/small logo.png  used on input line 173.
(pdftex.def)             Requested size: 10.3357pt x 14.22636pt.
[6]
Package mdframed Info: Not enough space on this page on input line 173.

Underfull \hbox (badness 10000) in paragraph at lines 179--180

 []

File: images/small logo.png Graphic file (type png)
<use images/small logo.png>
Package pdftex.def Info: images/small logo.png  used on input line 198.
(pdftex.def)             Requested size: 10.3357pt x 14.22636pt.
[7]
Package mdframed Info: mdframed detected package amsthm 
 changed the theorem header of amsthm
(mdframed)              on input line 226.
File: images/small logo.png Graphic file (type png)
<use images/small logo.png>
Package pdftex.def Info: images/small logo.png  used on input line 249.
(pdftex.def)             Requested size: 10.3357pt x 14.22636pt.
 [8]
Package mdframed Info: mdframed detected package amsthm 
 changed the theorem header of amsthm
(mdframed)              on input line 249.
Package mdframed Info: mdframed detected package amsthm 
 changed the theorem header of amsthm
(mdframed)              on input line 287.
File: images/small logo.png Graphic file (type png)
<use images/small logo.png>
Package pdftex.def Info: images/small logo.png  used on input line 287.
(pdftex.def)             Requested size: 10.3357pt x 14.22636pt.
 [9]
Underfull \hbox (badness 10000) in paragraph at lines 295--297

 []


Underfull \hbox (badness 10000) in paragraph at lines 302--303

 []


Underfull \hbox (badness 10000) in paragraph at lines 304--305

 []

File: images/small logo.png Graphic file (type png)
<use images/small logo.png>
Package pdftex.def Info: images/small logo.png  used on input line 306.
(pdftex.def)             Requested size: 10.3357pt x 14.22636pt.
[10]
Package mdframed Info: mdframed detected package amsthm 
 changed the theorem header of amsthm
(mdframed)              on input line 326.
Package mdframed Info: mdframed detected package amsthm 
 changed the theorem header of amsthm
(mdframed)              on input line 332.
File: images/small logo.png Graphic file (type png)
<use images/small logo.png>
Package pdftex.def Info: images/small logo.png  used on input line 342.
(pdftex.def)             Requested size: 10.3357pt x 14.22636pt.
 [11
pdfTeX warning (ext4): destination with the same identifier (name{thm:Fermat's\040Little\040Theorem}) has been already used, duplicate ignored
<argument> ...shipout:D \box_use:N \l_shipout_box 
                                                  \__shipout_drop_firstpage_...
l.342 ...ow that 1-6 will be the primitive roots.}
                                                  ]
Package mdframed Info: mdframed detected package amsthm 
 changed the theorem header of amsthm
(mdframed)              on input line 342.
File: images/small logo.png Graphic file (type png)
<use images/small logo.png>
Package pdftex.def Info: images/small logo.png  used on input line 371.
(pdftex.def)             Requested size: 10.3357pt x 14.22636pt.
 [12{c:/texlive/2023/texmf-dist/fonts/enc/dvips/cm-super/cm-super-ts1.enc}]
File: images/small logo.png Graphic file (type png)
<use images/small logo.png>
Package pdftex.def Info: images/small logo.png  used on input line 416.
(pdftex.def)             Requested size: 10.3357pt x 14.22636pt.
 [13])
File: images/small logo.png Graphic file (type png)
<use images/small logo.png>
Package pdftex.def Info: images/small logo.png  used on input line 606.
(pdftex.def)             Requested size: 10.3357pt x 14.22636pt.
 [14]
Chapter 2.
(./Chapters/ch_2.tex
Package mdframed Info: mdframed detected package amsthm 
 changed the theorem header of amsthm
(mdframed)              on input line 33.

Overfull \vbox (91.09523pt too high) detected at line 33
 []

Package mdframed Info: Box was splittet wrong
 starting loop to iterate the splitting point
(mdframed)              on input line 33.

Overfull \vbox (92.09523pt too high) detected at line 33
 []


Overfull \vbox (93.09523pt too high) detected at line 33
 []


Overfull \vbox (94.09523pt too high) detected at line 33
 []


Overfull \vbox (95.09523pt too high) detected at line 33
 []


Overfull \vbox (96.09523pt too high) detected at line 33
 []


Overfull \vbox (97.09523pt too high) detected at line 33
 []


Overfull \vbox (98.09523pt too high) detected at line 33
 []


Overfull \vbox (99.09523pt too high) detected at line 33
 []


Overfull \vbox (100.09523pt too high) detected at line 33
 []


Overfull \vbox (101.09523pt too high) detected at line 33
 []


Overfull \vbox (102.09523pt too high) detected at line 33
 []


Overfull \vbox (103.09523pt too high) detected at line 33
 []


Overfull \vbox (104.09523pt too high) detected at line 33
 []


Overfull \vbox (105.09523pt too high) detected at line 33
 []


Overfull \vbox (106.09523pt too high) detected at line 33
 []


Overfull \vbox (107.09523pt too high) detected at line 33
 []


Overfull \vbox (108.09523pt too high) detected at line 33
 []


Overfull \vbox (109.09523pt too high) detected at line 33
 []


Overfull \vbox (110.09523pt too high) detected at line 33
 []


Overfull \vbox (111.09523pt too high) detected at line 33
 []


Overfull \vbox (112.09523pt too high) detected at line 33
 []


Overfull \vbox (113.09523pt too high) detected at line 33
 []


Overfull \vbox (114.09523pt too high) detected at line 33
 []


Overfull \vbox (115.09523pt too high) detected at line 33
 []


Overfull \vbox (116.09523pt too high) detected at line 33
 []


Overfull \vbox (117.09523pt too high) detected at line 33
 []


Overfull \vbox (118.09523pt too high) detected at line 33
 []


Overfull \vbox (119.09523pt too high) detected at line 33
 []


Overfull \vbox (120.09523pt too high) detected at line 33
 []


Overfull \vbox (121.09523pt too high) detected at line 33
 []


Overfull \vbox (122.09523pt too high) detected at line 33
 []


Overfull \vbox (123.09523pt too high) detected at line 33
 []


Overfull \vbox (124.09523pt too high) detected at line 33
 []


Overfull \vbox (125.09523pt too high) detected at line 33
 []


Overfull \vbox (126.09523pt too high) detected at line 33
 []


Overfull \vbox (127.09523pt too high) detected at line 33
 []


Overfull \vbox (128.09523pt too high) detected at line 33
 []


Overfull \vbox (129.09523pt too high) detected at line 33
 []


Overfull \vbox (130.09523pt too high) detected at line 33
 []


Overfull \vbox (131.09523pt too high) detected at line 33
 []


Overfull \vbox (132.09523pt too high) detected at line 33
 []


Overfull \vbox (133.09523pt too high) detected at line 33
 []


Overfull \vbox (134.09523pt too high) detected at line 33
 []


Overfull \vbox (135.09523pt too high) detected at line 33
 []


Overfull \vbox (136.09523pt too high) detected at line 33
 []


Overfull \vbox (137.09523pt too high) detected at line 33
 []


Overfull \vbox (138.09523pt too high) detected at line 33
 []


Overfull \vbox (139.09523pt too high) detected at line 33
 []


Overfull \vbox (140.09523pt too high) detected at line 33
 []


Overfull \vbox (141.09523pt too high) detected at line 33
 []


Overfull \vbox (142.09523pt too high) detected at line 33
 []


Overfull \vbox (143.09523pt too high) detected at line 33
 []


Overfull \vbox (144.09523pt too high) detected at line 33
 []


Overfull \vbox (145.09523pt too high) detected at line 33
 []


Overfull \vbox (146.09523pt too high) detected at line 33
 []


Overfull \vbox (147.09523pt too high) detected at line 33
 []


Overfull \vbox (148.09523pt too high) detected at line 33
 []


Overfull \vbox (149.09523pt too high) detected at line 33
 []


Overfull \vbox (150.09523pt too high) detected at line 33
 []


Overfull \vbox (151.09523pt too high) detected at line 33
 []


Overfull \vbox (152.09523pt too high) detected at line 33
 []


Overfull \vbox (153.09523pt too high) detected at line 33
 []


Overfull \vbox (154.09523pt too high) detected at line 33
 []


Overfull \vbox (155.09523pt too high) detected at line 33
 []


Overfull \vbox (156.09523pt too high) detected at line 33
 []


Overfull \vbox (157.09523pt too high) detected at line 33
 []


Overfull \vbox (158.09523pt too high) detected at line 33
 []


Overfull \vbox (159.09523pt too high) detected at line 33
 []


Overfull \vbox (160.09523pt too high) detected at line 33
 []


Overfull \vbox (161.09523pt too high) detected at line 33
 []


Overfull \vbox (162.09523pt too high) detected at line 33
 []


Overfull \vbox (163.09523pt too high) detected at line 33
 []


Overfull \vbox (164.09523pt too high) detected at line 33
 []


Overfull \vbox (165.09523pt too high) detected at line 33
 []


Overfull \vbox (166.09523pt too high) detected at line 33
 []


Overfull \vbox (167.09523pt too high) detected at line 33
 []


Overfull \vbox (168.09523pt too high) detected at line 33
 []


Overfull \vbox (169.09523pt too high) detected at line 33
 []


Overfull \vbox (170.09523pt too high) detected at line 33
 []


Overfull \vbox (171.09523pt too high) detected at line 33
 []


Overfull \vbox (172.09523pt too high) detected at line 33
 []


Overfull \vbox (173.09523pt too high) detected at line 33
 []


Overfull \vbox (174.09523pt too high) detected at line 33
 []


Overfull \vbox (175.09523pt too high) detected at line 33
 []


Overfull \vbox (176.09523pt too high) detected at line 33
 []


Overfull \vbox (177.09523pt too high) detected at line 33
 []


Overfull \vbox (178.09523pt too high) detected at line 33
 []


Overfull \vbox (179.09523pt too high) detected at line 33
 []


Overfull \vbox (180.09523pt too high) detected at line 33
 []


Overfull \vbox (181.09523pt too high) detected at line 33
 []


Overfull \vbox (182.09523pt too high) detected at line 33
 []


Overfull \vbox (183.09523pt too high) detected at line 33
 []


Overfull \vbox (184.09523pt too high) detected at line 33
 []


Overfull \vbox (185.09523pt too high) detected at line 33
 []


Overfull \vbox (186.09523pt too high) detected at line 33
 []


Overfull \vbox (187.09523pt too high) detected at line 33
 []


Overfull \vbox (188.09523pt too high) detected at line 33
 []


Overfull \vbox (189.09523pt too high) detected at line 33
 []


Overfull \vbox (190.09523pt too high) detected at line 33
 []


Overfull \vbox (191.09523pt too high) detected at line 33
 []


Overfull \vbox (192.09523pt too high) detected at line 33
 []


Package mdframed Warning: correct box splittet fails
 It seems you are using a non splittable contents
(mdframed)                 on input line 33.

Package mdframed Info: You first box width is to small
 mdframed fixed it
(mdframed)              on input line 33.
[15

]
Package mdframed Info: mdframed detected package amsthm 
 changed the theorem header of amsthm
(mdframed)              on input line 61.
File: images/small logo.png Graphic file (type png)
<use images/small logo.png>
Package pdftex.def Info: images/small logo.png  used on input line 83.
(pdftex.def)             Requested size: 10.3357pt x 14.22636pt.
 [16]
Package mdframed Info: mdframed detected package amsthm 
 changed the theorem header of amsthm
(mdframed)              on input line 106.
File: images/small logo.png Graphic file (type png)
<use images/small logo.png>
Package pdftex.def Info: images/small logo.png  used on input line 106.
(pdftex.def)             Requested size: 10.3357pt x 14.22636pt.
 [17]
Underfull \hbox (badness 10000) in paragraph at lines 123--124

 []

Package mdframed Info: mdframed detected package amsthm 
 changed the theorem header of amsthm
(mdframed)              on input line 137.

Overfull \hbox (54.83276pt too wide) in paragraph at lines 141--148
[][]                      
 []

File: images/small logo.png Graphic file (type png)
<use images/small logo.png>
Package pdftex.def Info: images/small logo.png  used on input line 148.
(pdftex.def)             Requested size: 10.3357pt x 14.22636pt.
[18]
Package mdframed Info: mdframed detected package amsthm 
 changed the theorem header of amsthm
(mdframed)              on input line 148.
Package mdframed Info: mdframed detected package amsthm 
 changed the theorem header of amsthm
(mdframed)              on input line 184.

Overfull \hbox (32.60805pt too wide) in paragraph at lines 184--184
[]\OT1/cmr/m/n/12 Giant steps: $\OMS/cmsy/m/n/12 f\OT1/cmr/m/n/12 5\OML/cmm/m/it/12 ; \OT1/cmr/m/n/12 5 \OMS/cmsy/m/n/12 ^^A \OT1/cmr/m/n/12 13[]\OML/cmm/m/it/12 ; \OT1/cmr/m/n/12 5 \OMS/cmsy/m/n/12 ^^A \OT1/cmr/m/n/12 13[]\OML/cmm/m/it/12 ; [] ; \OT1/cmr/m/n/12 5 \OMS/cmsy/m/n/12 ^^A \OT1/cmr/m/n/12 13[]\OMS/cmsy/m/n/12 g \OT1/cmr/m/n/12 ([]47) \OMS/cmsy/m/n/12 ^^Q f\OT1/cmr/m/n/12 5\OML/cmm/m/it/12 ; \OT1/cmr/m/n/12 17\OML/cmm/m/it/12 ; \OT1/cmr/m/n/12 39\OML/cmm/m/it/12 ; \OT1/cmr/m/n/12 1\OML/cmm/m/it/12 ; \OT1/cmr/m/n/12 48\OML/cmm/m/it/12 ; \OT1/cmr/m/n/12 36\OML/cmm/m/it/12 ; \OT1/cmr/m/n/12 19\OML/cmm/m/it/12 ; \OT1/cmr/m/n/12 27\OMS/cmsy/m/n/12 g$\OT1/cmr/m/n/12 . 
 []

File: images/small logo.png Graphic file (type png)
<use images/small logo.png>
Package pdftex.def Info: images/small logo.png  used on input line 184.
(pdftex.def)             Requested size: 10.3357pt x 14.22636pt.
[19]
Package mdframed Info: mdframed detected package amsthm 
 changed the theorem header of amsthm
(mdframed)              on input line 192.
File: images/small logo.png Graphic file (type png)
<use images/small logo.png>
Package pdftex.def Info: images/small logo.png  used on input line 225.
(pdftex.def)             Requested size: 10.3357pt x 14.22636pt.
 [20]
Package mdframed Info: mdframed detected package amsthm 
 changed the theorem header of amsthm
(mdframed)              on input line 225.
Package mdframed Info: mdframed detected package amsthm 
 changed the theorem header of amsthm
(mdframed)              on input line 254.
File: images/small logo.png Graphic file (type png)
<use images/small logo.png>
Package pdftex.def Info: images/small logo.png  used on input line 254.
(pdftex.def)             Requested size: 10.3357pt x 14.22636pt.
 [21]
Package mdframed Info: mdframed detected package amsthm 
 changed the theorem header of amsthm
(mdframed)              on input line 295.
File: images/small logo.png Graphic file (type png)
<use images/small logo.png>
Package pdftex.def Info: images/small logo.png  used on input line 295.
(pdftex.def)             Requested size: 10.3357pt x 14.22636pt.
 [22])
File: images/small logo.png Graphic file (type png)
<use images/small logo.png>
Package pdftex.def Info: images/small logo.png  used on input line 610.
(pdftex.def)             Requested size: 10.3357pt x 14.22636pt.
 [23]
Chapter 3.
(./Chapters/ch_3.tex
Package mdframed Info: mdframed detected package amsthm 
 changed the theorem header of amsthm
(mdframed)              on input line 17.
Package mdframed Info: mdframed detected package amsthm 
 changed the theorem header of amsthm
(mdframed)              on input line 27.
Package mdframed Info: mdframed detected package amsthm 
 changed the theorem header of amsthm
(mdframed)              on input line 35.
 [24

]
Package mdframed Info: mdframed detected package amsthm 
 changed the theorem header of amsthm
(mdframed)              on input line 63.
Package mdframed Info: mdframed detected package amsthm 
 changed the theorem header of amsthm
(mdframed)              on input line 77.
File: images/small logo.png Graphic file (type png)
<use images/small logo.png>
Package pdftex.def Info: images/small logo.png  used on input line 77.
(pdftex.def)             Requested size: 10.3357pt x 14.22636pt.
 [25]
Package mdframed Info: Not enough space on this page on input line 77.

Underfull \hbox (badness 10000) in paragraph at lines 95--96

 []

File: images/small logo.png Graphic file (type png)
<use images/small logo.png>
Package pdftex.def Info: images/small logo.png  used on input line 111.
(pdftex.def)             Requested size: 10.3357pt x 14.22636pt.
[26]
Package mdframed Info: mdframed detected package amsthm 
 changed the theorem header of amsthm
(mdframed)              on input line 140.
File: images/small logo.png Graphic file (type png)
<use images/small logo.png>
Package pdftex.def Info: images/small logo.png  used on input line 148.
(pdftex.def)             Requested size: 10.3357pt x 14.22636pt.
 [27]
Underfull \hbox (badness 10000) in paragraph at lines 162--163

 []

Package mdframed Info: mdframed detected package amsthm 
 changed the theorem header of amsthm
(mdframed)              on input line 180.
File: images/small logo.png Graphic file (type png)
<use images/small logo.png>
Package pdftex.def Info: images/small logo.png  used on input line 189.
(pdftex.def)             Requested size: 10.3357pt x 14.22636pt.
[28]
Package mdframed Info: mdframed detected package amsthm 
 changed the theorem header of amsthm
(mdframed)              on input line 202.
File: images/small logo.png Graphic file (type png)
<use images/small logo.png>
Package pdftex.def Info: images/small logo.png  used on input line 211.
(pdftex.def)             Requested size: 10.3357pt x 14.22636pt.
 [29]
Package mdframed Info: mdframed detected package amsthm 
 changed the theorem header of amsthm
(mdframed)              on input line 221.
 (c:/texlive/2023/texmf-dist/tex/latex/listings/lstlang1.sty
File: lstlang1.sty 2023/02/27 1.9 listings language file
)
File: images/small logo.png Graphic file (type png)
<use images/small logo.png>
Package pdftex.def Info: images/small logo.png  used on input line 259.
(pdftex.def)             Requested size: 10.3357pt x 14.22636pt.
 [30]
LaTeX Font Info:    Trying to load font information for OML+cmr on input line 261.
 (c:/texlive/2023/texmf-dist/tex/latex/base/omlcmr.fd
File: omlcmr.fd 2023/04/13 v2.5m Standard LaTeX font definitions
)
LaTeX Font Info:    Font shape `OML/cmr/m/n' in size <12> not available
(Font)              Font shape `OML/cmm/m/it' tried instead on input line 261.

Overfull \hbox (37.8441pt too wide) in paragraph at lines 267--268
[][][][][][][][][][][][][][][][][][][][][][][][][][][][][][][][][][] 
 []

Package mdframed Info: mdframed detected package amsthm 
 changed the theorem header of amsthm
(mdframed)              on input line 291.
File: images/small logo.png Graphic file (type png)
<use images/small logo.png>
Package pdftex.def Info: images/small logo.png  used on input line 299.
(pdftex.def)             Requested size: 10.3357pt x 14.22636pt.
[31]
Package mdframed Info: mdframed detected package amsthm 
 changed the theorem header of amsthm
(mdframed)              on input line 299.
Package mdframed Info: mdframed detected package amsthm 
 changed the theorem header of amsthm
(mdframed)              on input line 332.

Overfull \hbox (5.82715pt too wide) in paragraph at lines 332--332
[] 
 []


Underfull \hbox (badness 10000) in paragraph at lines 332--332

 []

File: images/small logo.png Graphic file (type png)
<use images/small logo.png>
Package pdftex.def Info: images/small logo.png  used on input line 352.
(pdftex.def)             Requested size: 10.3357pt x 14.22636pt.
[32]
Package mdframed Info: mdframed detected package amsthm 
 changed the theorem header of amsthm
(mdframed)              on input line 352.
Package mdframed Info: mdframed detected package amsthm 
 changed the theorem header of amsthm
(mdframed)              on input line 382.
)
File: images/small logo.png Graphic file (type png)
<use images/small logo.png>
Package pdftex.def Info: images/small logo.png  used on input line 616.
(pdftex.def)             Requested size: 10.3357pt x 14.22636pt.
 [33] (./Exercises/1.tex
Package mdframed Info: mdframed detected package amsthm 
 changed the theorem header of amsthm
(mdframed)              on input line 21.
Package mdframed Info: mdframed detected package amsthm 
 changed the theorem header of amsthm
(mdframed)              on input line 37.
 [34

]
Package mdframed Info: mdframed detected package amsthm 
 changed the theorem header of amsthm
(mdframed)              on input line 52.
Package mdframed Info: mdframed detected package amsthm 
 changed the theorem header of amsthm
(mdframed)              on input line 76.
File: images/small logo.png Graphic file (type png)
<use images/small logo.png>
Package pdftex.def Info: images/small logo.png  used on input line 97.
(pdftex.def)             Requested size: 10.3357pt x 14.22636pt.
 [35]
Package mdframed Info: mdframed detected package amsthm 
 changed the theorem header of amsthm
(mdframed)              on input line 97.
Package mdframed Info: mdframed detected package amsthm 
 changed the theorem header of amsthm
(mdframed)              on input line 150.
File: images/small logo.png Graphic file (type png)
<use images/small logo.png>
Package pdftex.def Info: images/small logo.png  used on input line 150.
(pdftex.def)             Requested size: 10.3357pt x 14.22636pt.
 [36]
File: images/small logo.png Graphic file (type png)
<use images/small logo.png>
Package pdftex.def Info: images/small logo.png  used on input line 150.
(pdftex.def)             Requested size: 10.3357pt x 14.22636pt.
 [37]
Package mdframed Info: mdframed detected package amsthm 
 changed the theorem header of amsthm
(mdframed)              on input line 165.
Package mdframed Info: mdframed detected package amsthm 
 changed the theorem header of amsthm
(mdframed)              on input line 258.
File: images/small logo.png Graphic file (type png)
<use images/small logo.png>
Package pdftex.def Info: images/small logo.png  used on input line 258.
(pdftex.def)             Requested size: 10.3357pt x 14.22636pt.
 [38]
File: images/small logo.png Graphic file (type png)
<use images/small logo.png>
Package pdftex.def Info: images/small logo.png  used on input line 258.
(pdftex.def)             Requested size: 10.3357pt x 14.22636pt.
 [39]
Package mdframed Info: mdframed detected package amsthm 
 changed the theorem header of amsthm
(mdframed)              on input line 304.

Underfull \hbox (badness 10000) in paragraph at lines 304--304

 []


Underfull \hbox (badness 10000) in paragraph at lines 304--304

 []


Underfull \hbox (badness 10000) in paragraph at lines 304--304

 []

Package mdframed Info: Box was splittet wrong
 starting loop to iterate the splitting point
(mdframed)              on input line 304.
File: images/small logo.png Graphic file (type png)
<use images/small logo.png>
Package pdftex.def Info: images/small logo.png  used on input line 304.
(pdftex.def)             Requested size: 10.3357pt x 14.22636pt.
[40]
Package mdframed Info: mdframed detected package amsthm 
 changed the theorem header of amsthm
(mdframed)              on input line 317.
File: images/small logo.png Graphic file (type png)
<use images/small logo.png>
Package pdftex.def Info: images/small logo.png  used on input line 338.
(pdftex.def)             Requested size: 10.3357pt x 14.22636pt.
 [41]
Package mdframed Info: mdframed detected package amsthm 
 changed the theorem header of amsthm
(mdframed)              on input line 338.
File: images/small logo.png Graphic file (type png)
<use images/small logo.png>
Package pdftex.def Info: images/small logo.png  used on input line 370.
(pdftex.def)             Requested size: 10.3357pt x 14.22636pt.
 [42]
Package mdframed Info: mdframed detected package amsthm 
 changed the theorem header of amsthm
(mdframed)              on input line 370.
Package mdframed Info: mdframed detected package amsthm 
 changed the theorem header of amsthm
(mdframed)              on input line 393.
File: images/small logo.png Graphic file (type png)
<use images/small logo.png>
Package pdftex.def Info: images/small logo.png  used on input line 393.
(pdftex.def)             Requested size: 10.3357pt x 14.22636pt.
 [43]
Package mdframed Info: mdframed detected package amsthm 
 changed the theorem header of amsthm
(mdframed)              on input line 401.
Package mdframed Info: mdframed detected package amsthm 
 changed the theorem header of amsthm
(mdframed)              on input line 465.
File: images/small logo.png Graphic file (type png)
<use images/small logo.png>
Package pdftex.def Info: images/small logo.png  used on input line 465.
(pdftex.def)             Requested size: 10.3357pt x 14.22636pt.
 [44]
pdfTeX warning (ext4): destination with the same identifier (name{exerc:\(Additional\)}) has been already used, duplicate ignored
<to be read again> 
                   \relax 
l.469 \end{exercise}
                    
Package mdframed Info: mdframed detected package amsthm 
 changed the theorem header of amsthm
(mdframed)              on input line 480.
)
File: images/small logo.png Graphic file (type png)
<use images/small logo.png>
Package pdftex.def Info: images/small logo.png  used on input line 628.
(pdftex.def)             Requested size: 10.3357pt x 14.22636pt.
 [45] (./Exercises/4.tex
Package mdframed Info: mdframed detected package amsthm 
 changed the theorem header of amsthm
(mdframed)              on input line 50.
 [46

]
Package mdframed Info: mdframed detected package amsthm 
 changed the theorem header of amsthm
(mdframed)              on input line 73.
File: images/small logo.png Graphic file (type png)
<use images/small logo.png>
Package pdftex.def Info: images/small logo.png  used on input line 98.
(pdftex.def)             Requested size: 10.3357pt x 14.22636pt.
 [47]
Package mdframed Info: mdframed detected package amsthm 
 changed the theorem header of amsthm
(mdframed)              on input line 98.
Package mdframed Info: mdframed detected package amsthm 
 changed the theorem header of amsthm
(mdframed)              on input line 115.
File: images/small logo.png Graphic file (type png)
<use images/small logo.png>
Package pdftex.def Info: images/small logo.png  used on input line 142.
(pdftex.def)             Requested size: 10.3357pt x 14.22636pt.
 [48]
Package mdframed Info: mdframed detected package amsthm 
 changed the theorem header of amsthm
(mdframed)              on input line 142.
Package mdframed Info: mdframed detected package amsthm 
 changed the theorem header of amsthm
(mdframed)              on input line 189.
Package mdframed Info: Box was splittet wrong
 starting loop to iterate the splitting point
(mdframed)              on input line 189.
File: images/small logo.png Graphic file (type png)
<use images/small logo.png>
Package pdftex.def Info: images/small logo.png  used on input line 189.
(pdftex.def)             Requested size: 10.3357pt x 14.22636pt.
 [49]
Package mdframed Info: Box was splittet wrong
 starting loop to iterate the splitting point
(mdframed)              on input line 189.
File: images/small logo.png Graphic file (type png)
<use images/small logo.png>
Package pdftex.def Info: images/small logo.png  used on input line 189.
(pdftex.def)             Requested size: 10.3357pt x 14.22636pt.
 [50]
Package mdframed Info: mdframed detected package amsthm 
 changed the theorem header of amsthm
(mdframed)              on input line 231.
Package mdframed Info: Box was splittet wrong
 starting loop to iterate the splitting point
(mdframed)              on input line 231.
File: images/small logo.png Graphic file (type png)
<use images/small logo.png>
Package pdftex.def Info: images/small logo.png  used on input line 231.
(pdftex.def)             Requested size: 10.3357pt x 14.22636pt.
 [51]
Package mdframed Info: mdframed detected package amsthm 
 changed the theorem header of amsthm
(mdframed)              on input line 255.
Package mdframed Info: Box was splittet wrong
 starting loop to iterate the splitting point
(mdframed)              on input line 255.
File: images/small logo.png Graphic file (type png)
<use images/small logo.png>
Package pdftex.def Info: images/small logo.png  used on input line 255.
(pdftex.def)             Requested size: 10.3357pt x 14.22636pt.
 [52]
File: images/small logo.png Graphic file (type png)
<use images/small logo.png>
Package pdftex.def Info: images/small logo.png  used on input line 257.
(pdftex.def)             Requested size: 10.3357pt x 14.22636pt.
 [53]
LaTeX Font Info:    Trying to load font information for OMS+cmr on input line 267.
 (c:/texlive/2023/texmf-dist/tex/latex/base/omscmr.fd
File: omscmr.fd 2023/04/13 v2.5m Standard LaTeX font definitions
)
LaTeX Font Info:    Font shape `OMS/cmr/m/n' in size <12> not available
(Font)              Font shape `OMS/cmsy/m/n' tried instead on input line 267.
)
File: images/small logo.png Graphic file (type png)
<use images/small logo.png>
Package pdftex.def Info: images/small logo.png  used on input line 658.
(pdftex.def)             Requested size: 10.3357pt x 14.22636pt.
 [54] (build/crypt_main.aux)
 ***********
LaTeX2e <2023-11-01> patch level 1
L3 programming layer <2020/03/25>
 ***********
Package rerunfilecheck Info: File `crypt_main.out' has not changed.
(rerunfilecheck)             Checksum: A1831BAF26F36885CB9B5C6387691118;7066.
 ) 
Here is how much of TeX's memory you used:
 32216 strings out of 474142
 620888 string characters out of 5748646
 1961998 words of memory out of 5000000
 53463 multiletter control sequences out of 15000+600000
 574572 words of font info for 98 fonts, out of 8000000 for 9000
 1141 hyphenation exceptions out of 8191
 83i,15n,87p,935b,2096s stack positions out of 10000i,1000n,20000p,200000b,200000s

pdfTeX warning (dest): name{Fernat\040Witness} has been referenced but does not exist, replaced by a fixed one

 <c:/Users/paulb/.texlive2023/texmf-var/fonts/pk/ljfour/public/cm-mf-extra-bold/cmbcsc10.720pk> <c:/Users/paulb/.texlive2023/texmf-var/fonts/pk/ljfour/public/cm-mf-extra-bold/cmbcsc10.864pk> <c:/Users/paulb/.texlive2023/texmf-var/fonts/pk/ljfour/public/cm-mf-extra-bold/cmbcsc10.1037pk><c:/texlive/2023/texmf-dist/fonts/type1/public/amsfonts/cm/cmbx12.pfb><c:/texlive/2023/texmf-dist/fonts/type1/public/amsfonts/cm/cmbxti10.pfb><c:/texlive/2023/texmf-dist/fonts/type1/public/amsfonts/cm/cmcsc10.pfb><c:/texlive/2023/texmf-dist/fonts/type1/public/amsfonts/cm/cmex10.pfb><c:/texlive/2023/texmf-dist/fonts/type1/public/amsfonts/cm/cmmi12.pfb><c:/texlive/2023/texmf-dist/fonts/type1/public/amsfonts/cm/cmmi6.pfb><c:/texlive/2023/texmf-dist/fonts/type1/public/amsfonts/cm/cmmi8.pfb><c:/texlive/2023/texmf-dist/fonts/type1/public/amsfonts/cm/cmr10.pfb><c:/texlive/2023/texmf-dist/fonts/type1/public/amsfonts/cm/cmr12.pfb><c:/texlive/2023/texmf-dist/fonts/type1/public/amsfonts/cm/cmr17.pfb><c:/texlive/2023/texmf-dist/fonts/type1/public/amsfonts/cm/cmr6.pfb><c:/texlive/2023/texmf-dist/fonts/type1/public/amsfonts/cm/cmr8.pfb><c:/texlive/2023/texmf-dist/fonts/type1/public/amsfonts/cm/cmsy10.pfb><c:/texlive/2023/texmf-dist/fonts/type1/public/amsfonts/cm/cmsy6.pfb><c:/texlive/2023/texmf-dist/fonts/type1/public/amsfonts/cm/cmsy8.pfb><c:/texlive/2023/texmf-dist/fonts/type1/public/amsfonts/cm/cmti12.pfb><c:/texlive/2023/texmf-dist/fonts/type1/public/amsfonts/cm/cmtt12.pfb><c:/texlive/2023/texmf-dist/fonts/type1/public/amsfonts/symbols/msbm10.pfb><c:/texlive/2023/texmf-dist/fonts/type1/public/cm-super/sfrm1200.pfb><c:/texlive/2023/texmf-dist/fonts/type1/urw/zapfding/uzdr.pfb>
Output written on build/crypt_main.pdf (55 pages, 436844 bytes).
PDF statistics:
 1154 PDF objects out of 1200 (max. 8388607)
 1002 compressed objects within 11 object streams
 512 named destinations out of 1000 (max. 500000)
 295 words of extra memory for PDF output out of 10000 (max. 10000000)

